# JRE version: Java(TM) SE Runtime Environment (8.0_201-b09) (build 1.8.0_201-b09)
# Java VM: Java HotSpot(TM) 64-Bit Server VM (25.201-b09 mixed mode windows-amd64 compressed oops)
Heap:
 PSYoungGen      total 37888K, used 35501K [0x00000000d6000000, 0x00000000d9500000, 0x0000000100000000)
  eden space 32768K, 94% used [0x00000000d6000000,0x00000000d7e18db8,0x00000000d8000000)
  from space 5120K, 91% used [0x00000000d8000000,0x00000000d8492790,0x00000000d8500000)
  to   space 5120K, 0% used [0x00000000d9000000,0x00000000d9000000,0x00000000d9500000)
 ParOldGen       total 76800K, used 16127K [0x0000000082000000, 0x0000000086b00000, 0x00000000d6000000)
  object space 76800K, 20% used [0x0000000082000000,0x0000000082fbfce8,0x0000000086b00000)
 Metaspace       used 30805K, capacity 32364K, committed 32640K, reserved 1077248K
  class space    used 4314K, capacity 4625K, committed 4736K, reserved 1048576K
GC Heap History (8 events):
Event: 1.535 GC heap before
{Heap before GC invocations=1 (full 0):
 PSYoungGen      total 37888K, used 32768K [0x00000000d6000000, 0x00000000d8a00000, 0x0000000100000000)
  eden space 32768K, 100% used [0x00000000d6000000,0x00000000d8000000,0x00000000d8000000)
  from space 5120K, 0% used [0x00000000d8500000,0x00000000d8500000,0x00000000d8a00000)
  to   space 5120K, 0% used [0x00000000d8000000,0x00000000d8000000,0x00000000d8500000)
 ParOldGen       total 86016K, used 0K [0x0000000082000000, 0x0000000087400000, 0x00000000d6000000)
  object space 86016K, 0% used [0x0000000082000000,0x0000000082000000,0x0000000087400000)
 Metaspace       used 11530K, capacity 11852K, committed 12032K, reserved 1058816K
  class space    used 1557K, capacity 1674K, committed 1792K, reserved 1048576K
Event: 1.539 GC heap after
Heap after GC invocations=1 (full 0):
 PSYoungGen      total 37888K, used 5104K [0x00000000d6000000, 0x00000000d8a00000, 0x0000000100000000)
  eden space 32768K, 0% used [0x00000000d6000000,0x00000000d6000000,0x00000000d8000000)
  from space 5120K, 99% used [0x00000000d8000000,0x00000000d84fc110,0x00000000d8500000)
  to   space 5120K, 0% used [0x00000000d8500000,0x00000000d8500000,0x00000000d8a00000)
 ParOldGen       total 86016K, used 5161K [0x0000000082000000, 0x0000000087400000, 0x00000000d6000000)
  object space 86016K, 6% used [0x0000000082000000,0x000000008250a5b0,0x0000000087400000)
 Metaspace       used 11530K, capacity 11852K, committed 12032K, reserved 1058816K
  class space    used 1557K, capacity 1674K, committed 1792K, reserved 1048576K
}
Event: 2.709 GC heap before
{Heap before GC invocations=2 (full 0):
 PSYoungGen      total 37888K, used 33386K [0x00000000d6000000, 0x00000000d8a00000, 0x0000000100000000)
  eden space 32768K, 86% used [0x00000000d6000000,0x00000000d7b9ea80,0x00000000d8000000)
  from space 5120K, 99% used [0x00000000d8000000,0x00000000d84fc110,0x00000000d8500000)
  to   space 5120K, 0% used [0x00000000d8500000,0x00000000d8500000,0x00000000d8a00000)
 ParOldGen       total 86016K, used 5161K [0x0000000082000000, 0x0000000087400000, 0x00000000d6000000)
  object space 86016K, 6% used [0x0000000082000000,0x000000008250a5b0,0x0000000087400000)
 Metaspace       used 20652K, capacity 21176K, committed 21296K, reserved 1067008K
  class space    used 2668K, capacity 2869K, committed 2944K, reserved 1048576K
Event: 2.724 GC heap after
Heap after GC invocations=2 (full 0):
 PSYoungGen      total 37888K, used 5088K [0x00000000d6000000, 0x00000000d8a00000, 0x0000000100000000)
  eden space 32768K, 0% used [0x00000000d6000000,0x00000000d6000000,0x00000000d8000000)
  from space 5120K, 99% used [0x00000000d8500000,0x00000000d89f80c0,0x00000000d8a00000)
  to   space 5120K, 0% used [0x00000000d8000000,0x00000000d8000000,0x00000000d8500000)
 ParOldGen       total 86016K, used 11330K [0x0000000082000000, 0x0000000087400000, 0x00000000d6000000)
  object space 86016K, 13% used [0x0000000082000000,0x0000000082b10900,0x0000000087400000)
 Metaspace       used 20652K, capacity 21176K, committed 21296K, reserved 1067008K
  class space    used 2668K, capacity 2869K, committed 2944K, reserved 1048576K
}
Event: 2.724 GC heap before
{Heap before GC invocations=3 (full 1):
 PSYoungGen      total 37888K, used 5088K [0x00000000d6000000, 0x00000000d8a00000, 0x0000000100000000)
  eden space 32768K, 0% used [0x00000000d6000000,0x00000000d6000000,0x00000000d8000000)
  from space 5120K, 99% used [0x00000000d8500000,0x00000000d89f80c0,0x00000000d8a00000)
  to   space 5120K, 0% used [0x00000000d8000000,0x00000000d8000000,0x00000000d8500000)
 ParOldGen       total 86016K, used 11330K [0x0000000082000000, 0x0000000087400000, 0x00000000d6000000)
  object space 86016K, 13% used [0x0000000082000000,0x0000000082b10900,0x0000000087400000)
 Metaspace       used 20652K, capacity 21176K, committed 21296K, reserved 1067008K
  class space    used 2668K, capacity 2869K, committed 2944K, reserved 1048576K
Event: 2.758 GC heap after
Heap after GC invocations=3 (full 1):
 PSYoungGen      total 37888K, used 0K [0x00000000d6000000, 0x00000000d8a00000, 0x0000000100000000)
  eden space 32768K, 0% used [0x00000000d6000000,0x00000000d6000000,0x00000000d8000000)
  from space 5120K, 0% used [0x00000000d8500000,0x00000000d8500000,0x00000000d8a00000)
  to   space 5120K, 0% used [0x00000000d8000000,0x00000000d8000000,0x00000000d8500000)
 ParOldGen       total 76800K, used 16119K [0x0000000082000000, 0x0000000086b00000, 0x00000000d6000000)
  object space 76800K, 20% used [0x0000000082000000,0x0000000082fbdce8,0x0000000086b00000)
 Metaspace       used 20652K, capacity 21176K, committed 21296K, reserved 1067008K
  class space    used 2668K, capacity 2869K, committed 2944K, reserved 1048576K
}
Event: 3.320 GC heap before
{Heap before GC invocations=4 (full 1):
 PSYoungGen      total 37888K, used 32768K [0x00000000d6000000, 0x00000000d8a00000, 0x0000000100000000)
  eden space 32768K, 100% used [0x00000000d6000000,0x00000000d8000000,0x00000000d8000000)
  from space 5120K, 0% used [0x00000000d8500000,0x00000000d8500000,0x00000000d8a00000)
  to   space 5120K, 0% used [0x00000000d8000000,0x00000000d8000000,0x00000000d8500000)
 ParOldGen       total 76800K, used 16119K [0x0000000082000000, 0x0000000086b00000, 0x00000000d6000000)
  object space 76800K, 20% used [0x0000000082000000,0x0000000082fbdce8,0x0000000086b00000)
 Metaspace       used 26321K, capacity 27064K, committed 27392K, reserved 1073152K
  class space    used 3592K, capacity 3795K, committed 3840K, reserved 1048576K
Event: 3.323 GC heap after
Heap after GC invocations=4 (full 1):
 PSYoungGen      total 37888K, used 4681K [0x00000000d6000000, 0x00000000d9500000, 0x0000000100000000)
  eden space 32768K, 0% used [0x00000000d6000000,0x00000000d6000000,0x00000000d8000000)
  from space 5120K, 91% used [0x00000000d8000000,0x00000000d8492790,0x00000000d8500000)
  to   space 5120K, 0% used [0x00000000d9000000,0x00000000d9000000,0x00000000d9500000)
 ParOldGen       total 76800K, used 16127K [0x0000000082000000, 0x0000000086b00000, 0x00000000d6000000)
  object space 76800K, 20% used [0x0000000082000000,0x0000000082fbfce8,0x0000000086b00000)
 Metaspace       used 26321K, capacity 27064K, committed 27392K, reserved 1073152K
  class space    used 3592K, capacity 3795K, committed 3840K, reserved 1048576K
}

