# JRE version: Java(TM) SE Runtime Environment (8.0_201-b09) (build 1.8.0_201-b09)
# Java VM: Java HotSpot(TM) 64-Bit Server VM (25.201-b09 mixed mode windows-amd64 compressed oops)
Heap:
 PSYoungGen      total 90112K, used 34003K [0x00000000d6000000, 0x00000000de080000, 0x0000000100000000)
  eden space 71680K, 47% used [0x00000000d6000000,0x00000000d8134c48,0x00000000da600000)
  from space 18432K, 0% used [0x00000000db680000,0x00000000db680000,0x00000000dc880000)
  to   space 16896K, 0% used [0x00000000da600000,0x00000000da600000,0x00000000db680000)
 ParOldGen       total 72192K, used 23849K [0x0000000082000000, 0x0000000086680000, 0x00000000d6000000)
  object space 72192K, 33% used [0x0000000082000000,0x000000008374a668,0x0000000086680000)
 Metaspace       used 36974K, capacity 38490K, committed 38696K, reserved 1083392K
  class space    used 5102K, capacity 5402K, committed 5424K, reserved 1048576K
GC Heap History (10 events):
Event: 2.810 GC heap before
{Heap before GC invocations=4 (full 1):
 PSYoungGen      total 37888K, used 5107K [0x00000000d6000000, 0x00000000daa00000, 0x0000000100000000)
  eden space 32768K, 0% used [0x00000000d6000000,0x00000000d6000000,0x00000000d8000000)
  from space 5120K, 99% used [0x00000000d8000000,0x00000000d84fcd10,0x00000000d8500000)
  to   space 5120K, 0% used [0x00000000da500000,0x00000000da500000,0x00000000daa00000)
 ParOldGen       total 86016K, used 12480K [0x0000000082000000, 0x0000000087400000, 0x00000000d6000000)
  object space 86016K, 14% used [0x0000000082000000,0x0000000082c30078,0x0000000087400000)
 Metaspace       used 20692K, capacity 21188K, committed 21296K, reserved 1067008K
  class space    used 2664K, capacity 2833K, committed 2864K, reserved 1048576K
Event: 2.861 GC heap after
Heap after GC invocations=4 (full 1):
 PSYoungGen      total 37888K, used 0K [0x00000000d6000000, 0x00000000daa00000, 0x0000000100000000)
  eden space 32768K, 0% used [0x00000000d6000000,0x00000000d6000000,0x00000000d8000000)
  from space 5120K, 0% used [0x00000000d8000000,0x00000000d8000000,0x00000000d8500000)
  to   space 5120K, 0% used [0x00000000da500000,0x00000000da500000,0x00000000daa00000)
 ParOldGen       total 72192K, used 14033K [0x0000000082000000, 0x0000000086680000, 0x00000000d6000000)
  object space 72192K, 19% used [0x0000000082000000,0x0000000082db4710,0x0000000086680000)
 Metaspace       used 20692K, capacity 21188K, committed 21296K, reserved 1067008K
  class space    used 2664K, capacity 2833K, committed 2864K, reserved 1048576K
}
Event: 3.469 GC heap before
{Heap before GC invocations=5 (full 1):
 PSYoungGen      total 37888K, used 32768K [0x00000000d6000000, 0x00000000daa00000, 0x0000000100000000)
  eden space 32768K, 100% used [0x00000000d6000000,0x00000000d8000000,0x00000000d8000000)
  from space 5120K, 0% used [0x00000000d8000000,0x00000000d8000000,0x00000000d8500000)
  to   space 5120K, 0% used [0x00000000da500000,0x00000000da500000,0x00000000daa00000)
 ParOldGen       total 72192K, used 14033K [0x0000000082000000, 0x0000000086680000, 0x00000000d6000000)
  object space 72192K, 19% used [0x0000000082000000,0x0000000082db4710,0x0000000086680000)
 Metaspace       used 26036K, capacity 26784K, committed 26928K, reserved 1073152K
  class space    used 3564K, capacity 3791K, committed 3888K, reserved 1048576K
Event: 3.474 GC heap after
Heap after GC invocations=5 (full 1):
 PSYoungGen      total 54272K, used 4673K [0x00000000d6000000, 0x00000000daa00000, 0x0000000100000000)
  eden space 49152K, 0% used [0x00000000d6000000,0x00000000d6000000,0x00000000d9000000)
  from space 5120K, 91% used [0x00000000da500000,0x00000000da9904b8,0x00000000daa00000)
  to   space 5120K, 0% used [0x00000000da000000,0x00000000da000000,0x00000000da500000)
 ParOldGen       total 72192K, used 14041K [0x0000000082000000, 0x0000000086680000, 0x00000000d6000000)
  object space 72192K, 19% used [0x0000000082000000,0x0000000082db6710,0x0000000086680000)
 Metaspace       used 26036K, capacity 26784K, committed 26928K, reserved 1073152K
  class space    used 3564K, capacity 3791K, committed 3888K, reserved 1048576K
}
Event: 13.519 GC heap before
{Heap before GC invocations=6 (full 1):
 PSYoungGen      total 54272K, used 53825K [0x00000000d6000000, 0x00000000daa00000, 0x0000000100000000)
  eden space 49152K, 100% used [0x00000000d6000000,0x00000000d9000000,0x00000000d9000000)
  from space 5120K, 91% used [0x00000000da500000,0x00000000da9904b8,0x00000000daa00000)
  to   space 5120K, 0% used [0x00000000da000000,0x00000000da000000,0x00000000da500000)
 ParOldGen       total 72192K, used 14041K [0x0000000082000000, 0x0000000086680000, 0x00000000d6000000)
  object space 72192K, 19% used [0x0000000082000000,0x0000000082db6710,0x0000000086680000)
 Metaspace       used 31403K, capacity 32936K, committed 33072K, reserved 1077248K
  class space    used 4349K, capacity 4621K, committed 4656K, reserved 1048576K
Event: 13.530 GC heap after
Heap after GC invocations=6 (full 1):
 PSYoungGen      total 70656K, used 5104K [0x00000000d6000000, 0x00000000dc880000, 0x0000000100000000)
  eden space 65536K, 0% used [0x00000000d6000000,0x00000000d6000000,0x00000000da000000)
  from space 5120K, 99% used [0x00000000da000000,0x00000000da4fc070,0x00000000da500000)
  to   space 18432K, 0% used [0x00000000db680000,0x00000000db680000,0x00000000dc880000)
 ParOldGen       total 72192K, used 24123K [0x0000000082000000, 0x0000000086680000, 0x00000000d6000000)
  object space 72192K, 33% used [0x0000000082000000,0x000000008378ecd8,0x0000000086680000)
 Metaspace       used 31403K, capacity 32936K, committed 33072K, reserved 1077248K
  class space    used 4349K, capacity 4621K, committed 4656K, reserved 1048576K
}
Event: 13.799 GC heap before
{Heap before GC invocations=7 (full 1):
 PSYoungGen      total 70656K, used 37381K [0x00000000d6000000, 0x00000000dc880000, 0x0000000100000000)
  eden space 65536K, 49% used [0x00000000d6000000,0x00000000d7f85490,0x00000000da000000)
  from space 5120K, 99% used [0x00000000da000000,0x00000000da4fc070,0x00000000da500000)
  to   space 18432K, 0% used [0x00000000db680000,0x00000000db680000,0x00000000dc880000)
 ParOldGen       total 72192K, used 24123K [0x0000000082000000, 0x0000000086680000, 0x00000000d6000000)
  object space 72192K, 33% used [0x0000000082000000,0x000000008378ecd8,0x0000000086680000)
 Metaspace       used 33867K, capacity 35348K, committed 35496K, reserved 1079296K
  class space    used 4701K, capacity 4977K, committed 5040K, reserved 1048576K
Event: 13.808 GC heap after
Heap after GC invocations=7 (full 1):
 PSYoungGen      total 90112K, used 9073K [0x00000000d6000000, 0x00000000de080000, 0x0000000100000000)
  eden space 71680K, 0% used [0x00000000d6000000,0x00000000d6000000,0x00000000da600000)
  from space 18432K, 49% used [0x00000000db680000,0x00000000dbf5c608,0x00000000dc880000)
  to   space 16896K, 0% used [0x00000000da600000,0x00000000da600000,0x00000000db680000)
 ParOldGen       total 72192K, used 24131K [0x0000000082000000, 0x0000000086680000, 0x00000000d6000000)
  object space 72192K, 33% used [0x0000000082000000,0x0000000083790cd8,0x0000000086680000)
 Metaspace       used 33867K, capacity 35348K, committed 35496K, reserved 1079296K
  class space    used 4701K, capacity 4977K, committed 5040K, reserved 1048576K
}
Event: 13.808 GC heap before
{Heap before GC invocations=8 (full 2):
 PSYoungGen      total 90112K, used 9073K [0x00000000d6000000, 0x00000000de080000, 0x0000000100000000)
  eden space 71680K, 0% used [0x00000000d6000000,0x00000000d6000000,0x00000000da600000)
  from space 18432K, 49% used [0x00000000db680000,0x00000000dbf5c608,0x00000000dc880000)
  to   space 16896K, 0% used [0x00000000da600000,0x00000000da600000,0x00000000db680000)
 ParOldGen       total 72192K, used 24131K [0x0000000082000000, 0x0000000086680000, 0x00000000d6000000)
  object space 72192K, 33% used [0x0000000082000000,0x0000000083790cd8,0x0000000086680000)
 Metaspace       used 33867K, capacity 35348K, committed 35496K, reserved 1079296K
  class space    used 4701K, capacity 4977K, committed 5040K, reserved 1048576K
Event: 13.888 GC heap after
Heap after GC invocations=8 (full 2):
 PSYoungGen      total 90112K, used 0K [0x00000000d6000000, 0x00000000de080000, 0x0000000100000000)
  eden space 71680K, 0% used [0x00000000d6000000,0x00000000d6000000,0x00000000da600000)
  from space 18432K, 0% used [0x00000000db680000,0x00000000db680000,0x00000000dc880000)
  to   space 16896K, 0% used [0x00000000da600000,0x00000000da600000,0x00000000db680000)
 ParOldGen       total 72192K, used 23849K [0x0000000082000000, 0x0000000086680000, 0x00000000d6000000)
  object space 72192K, 33% used [0x0000000082000000,0x000000008374a668,0x0000000086680000)
 Metaspace       used 33867K, capacity 35348K, committed 35496K, reserved 1079296K
  class space    used 4701K, capacity 4977K, committed 5040K, reserved 1048576K
}

